[2025-06-16T09:36:11.756Z] FORECAST - Cache MISS - (20.971, 105.797)
[2025-06-16T09:36:49.129Z] GEOCODE - Cache MISS - London (51.52, -0.11)
[2025-06-16T09:36:49.708Z] FORECAST - Cache MISS - (51.52, -0.11)
[2025-06-16T09:36:56.981Z] GEOCODE - Cache HIT - London (51.52, -0.11)
[2025-06-16T09:36:56.985Z] FORECAST - Cache HIT - (51.52, -0.11)
[2025-06-16T09:37:00.657Z] GEOCODE - Cache MISS - Hanoi (21.03, 105.85)
[2025-06-16T09:37:01.243Z] FORECAST - Cache MISS - (21.03, 105.85)
[2025-06-16T09:37:03.458Z] FORECAST - Cache HIT - (20.971, 105.797)
[2025-06-20T06:28:38.461Z] FORECAST - Cache MISS - (20.96, 105.748)
[2025-06-20T06:32:29.436Z] GEOCODE - Cache MISS - London (51.52, -0.11)
[2025-06-20T06:32:29.945Z] FORECAST - Cache MISS - (51.52, -0.11)
[2025-06-20T06:34:47.330Z] FORECAST - Cache HIT - (20.96, 105.748)
[2025-06-20T06:34:52.088Z] GEOCODE - Cache HIT - London (51.52, -0.11)
[2025-06-20T06:34:52.101Z] FORECAST - Cache HIT - (51.52, -0.11)
[2025-06-20T06:35:12.149Z] GEOCODE - Cache MISS - Goc Nghe (22.28, 104.4)
[2025-06-20T06:35:12.934Z] FORECAST - Cache MISS - (22.28, 104.4)
[2025-06-20T06:52:07.946Z] GEOCODE - Cache MISS - Ha Noi (21.03, 105.85)
[2025-06-20T06:52:08.756Z] FORECAST - Cache MISS - (21.03, 105.85)
[2025-06-20T06:52:17.261Z] GEOCODE - Cache MISS - Yen Nghia (21.05, 107.07)
[2025-06-20T06:52:18.024Z] FORECAST - Cache MISS - (21.05, 107.07)
[2025-06-20T06:52:42.138Z] GEOCODE - Cache MISS - Province De Hà Tĩnh (18.33, 105.9)
[2025-06-20T06:52:42.922Z] FORECAST - Cache MISS - (18.33, 105.9)
[2025-06-20T06:52:49.268Z] GEOCODE - Cache HIT - Ha Noi (21.03, 105.85)
[2025-06-20T06:52:49.282Z] FORECAST - Cache HIT - (21.03, 105.85)
[2025-06-20T06:52:56.683Z] GEOCODE - Cache MISS - Ho Chi Minh City (10.75, 106.67)
[2025-06-20T06:52:57.550Z] FORECAST - Cache MISS - (10.75, 106.67)
[2025-06-20T06:53:08.632Z] GEOCODE - Cache MISS - London (51.52, -0.11)
[2025-06-20T06:53:09.409Z] FORECAST - Cache MISS - (51.52, -0.11)
[2025-06-20T06:53:20.953Z] GEOCODE - Cache MISS - California City (35.13, -117.99)
[2025-06-20T06:53:21.829Z] FORECAST - Cache MISS - (35.13, -117.99)
[2025-06-20T06:53:40.102Z] GEOCODE - Cache MISS - Ha Tinh (18.33, 105.9)
[2025-06-20T06:53:40.140Z] FORECAST - Cache HIT - (18.33, 105.9)
[2025-06-20T07:21:19.658Z] FORECAST - Cache MISS - (20.96, 105.748)
[2025-06-20T07:21:41.808Z] GEOCODE - Cache MISS - Ha Tinh (18.33, 105.9)
[2025-06-20T07:21:42.597Z] FORECAST - Cache MISS - (18.33, 105.9)
